Determining if the pthread_create exist failed with the following output:
Change Dir: /home/lory/radarfusion/Examples/ROS/ORB_SLAM3/build/CMakeFiles/CMakeTmp

Run Build Command:"/usr/bin/make" "cmTC_25c2f/fast"
/usr/bin/make -f CMakeFiles/cmTC_25c2f.dir/build.make CMakeFiles/cmTC_25c2f.dir/build
make[1]: Entering directory '/home/lory/radarfusion/Examples/ROS/ORB_SLAM3/build/CMakeFiles/CMakeTmp'
Building C object CMakeFiles/cmTC_25c2f.dir/CheckSymbolExists.c.o
/usr/bin/cc    -o CMakeFiles/cmTC_25c2f.dir/CheckSymbolExists.c.o   -c /home/lory/radarfusion/Examples/ROS/ORB_SLAM3/build/CMakeFiles/CMakeTmp/CheckSymbolExists.c
Linking C executable cmTC_25c2f
/usr/bin/cmake -E cmake_link_script CMakeFiles/cmTC_25c2f.dir/link.txt --verbose=1
/usr/bin/cc      -rdynamic CMakeFiles/cmTC_25c2f.dir/CheckSymbolExists.c.o  -o cmTC_25c2f 
CMakeFiles/cmTC_25c2f.dir/CheckSymbolExists.c.o: In function `main':
CheckSymbolExists.c:(.text+0x1b): undefined reference to `pthread_create'
collect2: error: ld returned 1 exit status
CMakeFiles/cmTC_25c2f.dir/build.make:97: recipe for target 'cmTC_25c2f' failed
make[1]: *** [cmTC_25c2f] Error 1
make[1]: Leaving directory '/home/lory/radarfusion/Examples/ROS/ORB_SLAM3/build/CMakeFiles/CMakeTmp'
Makefile:126: recipe for target 'cmTC_25c2f/fast' failed
make: *** [cmTC_25c2f/fast] Error 2

File /home/lory/radarfusion/Examples/ROS/ORB_SLAM3/build/CMakeFiles/CMakeTmp/CheckSymbolExists.c:
/* */
#include <pthread.h>

int main(int argc, char** argv)
{
  (void)argv;
#ifndef pthread_create
  return ((int*)(&pthread_create))[argc];
#else
  (void)argc;
  return 0;
#endif
}

Determining if the function pthread_create exists in the pthreads failed with the following output:
Change Dir: /home/lory/radarfusion/Examples/ROS/ORB_SLAM3/build/CMakeFiles/CMakeTmp

Run Build Command:"/usr/bin/make" "cmTC_90f18/fast"
/usr/bin/make -f CMakeFiles/cmTC_90f18.dir/build.make CMakeFiles/cmTC_90f18.dir/build
make[1]: Entering directory '/home/lory/radarfusion/Examples/ROS/ORB_SLAM3/build/CMakeFiles/CMakeTmp'
Building C object CMakeFiles/cmTC_90f18.dir/CheckFunctionExists.c.o
/usr/bin/cc   -DCHECK_FUNCTION_EXISTS=pthread_create   -o CMakeFiles/cmTC_90f18.dir/CheckFunctionExists.c.o   -c /usr/share/cmake-3.10/Modules/CheckFunctionExists.c
Linking C executable cmTC_90f18
/usr/bin/cmake -E cmake_link_script CMakeFiles/cmTC_90f18.dir/link.txt --verbose=1
/usr/bin/cc  -DCHECK_FUNCTION_EXISTS=pthread_create    -rdynamic CMakeFiles/cmTC_90f18.dir/CheckFunctionExists.c.o  -o cmTC_90f18 -lpthreads 
/usr/bin/ld: cannot find -lpthreads
collect2: error: ld returned 1 exit status
CMakeFiles/cmTC_90f18.dir/build.make:97: recipe for target 'cmTC_90f18' failed
make[1]: *** [cmTC_90f18] Error 1
make[1]: Leaving directory '/home/lory/radarfusion/Examples/ROS/ORB_SLAM3/build/CMakeFiles/CMakeTmp'
Makefile:126: recipe for target 'cmTC_90f18/fast' failed
make: *** [cmTC_90f18/fast] Error 2


